<?xml version="1.0" encoding="UTF-8"?>
<testsuite xmlns:xsi="http://www.w3.org/2001/XMLSchema-instance" xsi:noNamespaceSchemaLocation="https://maven.apache.org/surefire/maven-surefire-plugin/xsd/surefire-test-report.xsd" name="com.lexor.qbsa.SampleTest" time="0.023" tests="1" errors="0" skipped="0" failures="0">
  <properties>
    <property name="sun.desktop" value="windows"/>
    <property name="awt.toolkit" value="sun.awt.windows.WToolkit"/>
    <property name="file.encoding.pkg" value="sun.io"/>
    <property name="java.specification.version" value="1.8"/>
    <property name="sun.cpu.isalist" value="amd64"/>
    <property name="sun.jnu.encoding" value="Cp1252"/>
    <property name="java.class.path" value="D:\Working\Lexor\sources\qbsa\target\test-classes;D:\Working\Lexor\sources\qbsa\target\classes;C:\Users\thanh\.m2\repository\org\glassfish\jersey\core\jersey-server\2.33\jersey-server-2.33.jar;C:\Users\thanh\.m2\repository\jakarta\ws\rs\jakarta.ws.rs-api\2.1.6\jakarta.ws.rs-api-2.1.6.jar;C:\Users\thanh\.m2\repository\jakarta\annotation\jakarta.annotation-api\1.3.5\jakarta.annotation-api-1.3.5.jar;C:\Users\thanh\.m2\repository\org\glassfish\hk2\external\jakarta.inject\2.6.1\jakarta.inject-2.6.1.jar;C:\Users\thanh\.m2\repository\jakarta\validation\jakarta.validation-api\2.0.2\jakarta.validation-api-2.0.2.jar;C:\Users\thanh\.m2\repository\org\glassfish\jersey\core\jersey-client\2.33\jersey-client-2.33.jar;C:\Users\thanh\.m2\repository\org\glassfish\jersey\core\jersey-common\2.33\jersey-common-2.33.jar;C:\Users\thanh\.m2\repository\org\glassfish\hk2\osgi-resource-locator\1.0.3\osgi-resource-locator-1.0.3.jar;C:\Users\thanh\.m2\repository\javax\ws\rs\javax.ws.rs-api\2.1\javax.ws.rs-api-2.1.jar;C:\Users\thanh\.m2\repository\javax\json\bind\javax.json.bind-api\1.0\javax.json.bind-api-1.0.jar;C:\Users\thanh\.m2\repository\javax\json\javax.json-api\1.1\javax.json-api-1.1.jar;C:\Users\thanh\.m2\repository\javax\annotation\javax.annotation-api\1.3\javax.annotation-api-1.3.jar;C:\Users\thanh\.m2\repository\org\eclipse\microprofile\config\microprofile-config-api\1.3\microprofile-config-api-1.3.jar;C:\Users\thanh\.m2\repository\org\osgi\org.osgi.annotation.versioning\1.0.0\org.osgi.annotation.versioning-1.0.0.jar;C:\Users\thanh\.m2\repository\org\eclipse\microprofile\fault-tolerance\microprofile-fault-tolerance-api\2.0\microprofile-fault-tolerance-api-2.0.jar;C:\Users\thanh\.m2\repository\org\eclipse\microprofile\health\microprofile-health-api\2.0\microprofile-health-api-2.0.jar;C:\Users\thanh\.m2\repository\org\eclipse\microprofile\metrics\microprofile-metrics-api\2.0.0\microprofile-metrics-api-2.0.0.jar;C:\Users\thanh\.m2\repository\org\eclipse\microprofile\jwt\microprofile-jwt-auth-api\1.1\microprofile-jwt-auth-api-1.1.jar;C:\Users\thanh\.m2\repository\org\eclipse\microprofile\openapi\microprofile-openapi-api\1.1\microprofile-openapi-api-1.1.jar;C:\Users\thanh\.m2\repository\org\eclipse\microprofile\rest\client\microprofile-rest-client-api\1.3\microprofile-rest-client-api-1.3.jar;C:\Users\thanh\.m2\repository\org\eclipse\microprofile\opentracing\microprofile-opentracing-api\1.3\microprofile-opentracing-api-1.3.jar;C:\Users\thanh\.m2\repository\org\junit\jupiter\junit-jupiter\5.5.0\junit-jupiter-5.5.0.jar;C:\Users\thanh\.m2\repository\org\junit\jupiter\junit-jupiter-api\5.5.0\junit-jupiter-api-5.5.0.jar;C:\Users\thanh\.m2\repository\org\apiguardian\apiguardian-api\1.1.0\apiguardian-api-1.1.0.jar;C:\Users\thanh\.m2\repository\org\opentest4j\opentest4j\1.2.0\opentest4j-1.2.0.jar;C:\Users\thanh\.m2\repository\org\junit\platform\junit-platform-commons\1.5.0\junit-platform-commons-1.5.0.jar;C:\Users\thanh\.m2\repository\org\junit\jupiter\junit-jupiter-params\5.5.0\junit-jupiter-params-5.5.0.jar;C:\Users\thanh\.m2\repository\org\junit\jupiter\junit-jupiter-engine\5.5.0\junit-jupiter-engine-5.5.0.jar;C:\Users\thanh\.m2\repository\org\junit\platform\junit-platform-engine\1.5.0\junit-platform-engine-1.5.0.jar;C:\Users\thanh\.m2\repository\org\mockito\mockito-core\3.1.0\mockito-core-3.1.0.jar;C:\Users\thanh\.m2\repository\net\bytebuddy\byte-buddy\1.9.10\byte-buddy-1.9.10.jar;C:\Users\thanh\.m2\repository\net\bytebuddy\byte-buddy-agent\1.9.10\byte-buddy-agent-1.9.10.jar;C:\Users\thanh\.m2\repository\org\objenesis\objenesis\2.6\objenesis-2.6.jar;C:\Users\thanh\.m2\repository\commons-dbutils\commons-dbutils\1.7\commons-dbutils-1.7.jar;C:\Users\thanh\.m2\repository\javax\ejb\javax.ejb-api\3.2.2\javax.ejb-api-3.2.2.jar;C:\Users\thanh\.m2\repository\javax\transaction\javax.transaction-api\1.3\javax.transaction-api-1.3.jar;C:\Users\thanh\.m2\repository\org\postgresql\postgresql\42.2.18\postgresql-42.2.18.jar;C:\Users\thanh\.m2\repository\org\checkerframework\checker-qual\3.5.0\checker-qual-3.5.0.jar;C:\Users\thanh\.m2\repository\javax\enterprise\cdi-api\2.0\cdi-api-2.0.jar;C:\Users\thanh\.m2\repository\javax\el\javax.el-api\3.0.0\javax.el-api-3.0.0.jar;C:\Users\thanh\.m2\repository\javax\interceptor\javax.interceptor-api\1.2\javax.interceptor-api-1.2.jar;C:\Users\thanh\.m2\repository\javax\inject\javax.inject\1\javax.inject-1.jar;C:\Users\thanh\.m2\repository\org\glassfish\jersey\ext\jersey-mvc\3.0.0\jersey-mvc-3.0.0.jar;C:\Users\thanh\.m2\repository\jakarta\servlet\jakarta.servlet-api\5.0.0\jakarta.servlet-api-5.0.0.jar;C:\Users\thanh\.m2\repository\org\glassfish\jersey\ext\jersey-mvc-jsp\3.0.0\jersey-mvc-jsp-3.0.0.jar;C:\Users\thanh\.m2\repository\jakarta\inject\jakarta.inject-api\2.0.0\jakarta.inject-api-2.0.0.jar;C:\Users\thanh\.m2\repository\org\glassfish\jersey\containers\jersey-container-servlet-core\3.0.0\jersey-container-servlet-core-3.0.0.jar;C:\Users\thanh\.m2\repository\javax\servlet\servlet-api\2.4\servlet-api-2.4.jar;C:\Users\thanh\.m2\repository\com\sendgrid\java-http-client\4.3.6\java-http-client-4.3.6.jar;C:\Users\thanh\.m2\repository\org\apache\httpcomponents\httpcore\4.4.13\httpcore-4.4.13.jar;C:\Users\thanh\.m2\repository\org\apache\httpcomponents\httpclient\4.5.12\httpclient-4.5.12.jar;C:\Users\thanh\.m2\repository\com\sendgrid\sendgrid-java\4.6.8\sendgrid-java-4.6.8.jar;C:\Users\thanh\.m2\repository\com\fasterxml\jackson\core\jackson-core\2.10.2\jackson-core-2.10.2.jar;C:\Users\thanh\.m2\repository\com\fasterxml\jackson\core\jackson-annotations\2.10.2\jackson-annotations-2.10.2.jar;C:\Users\thanh\.m2\repository\org\bouncycastle\bcprov-jdk15on\1.67\bcprov-jdk15on-1.67.jar;C:\Users\thanh\.m2\repository\com\intuit\quickbooks-online\oauth2-platform-api\6.0.7\oauth2-platform-api-6.0.7.jar;C:\Users\thanh\.m2\repository\commons-lang\commons-lang\2.6\commons-lang-2.6.jar;C:\Users\thanh\.m2\repository\org\json\json\20160810\json-20160810.jar;C:\Users\thanh\.m2\repository\oauth\signpost\signpost-core\1.2.1.1\signpost-core-1.2.1.1.jar;C:\Users\thanh\.m2\repository\oauth\signpost\signpost-commonshttp4\1.2\signpost-commonshttp4-1.2.jar;C:\Users\thanh\.m2\repository\commons-codec\commons-codec\1.13\commons-codec-1.13.jar;C:\Users\thanh\.m2\repository\org\slf4j\slf4j-api\1.7.28\slf4j-api-1.7.28.jar;C:\Users\thanh\.m2\repository\org\apache\ant\ant\1.10.6\ant-1.10.6.jar;C:\Users\thanh\.m2\repository\org\apache\ant\ant-launcher\1.10.6\ant-launcher-1.10.6.jar;C:\Program Files\Java\jdk1.8.0_281\jre\..\lib\tools.jar;C:\Users\thanh\.m2\repository\com\intuit\quickbooks-online\ipp-v3-java-devkit\6.0.10\ipp-v3-java-devkit-6.0.10.jar;C:\Users\thanh\.m2\repository\com\intuit\quickbooks-online\ipp-v3-java-data\6.0.8\ipp-v3-java-data-6.0.8.jar;C:\Users\thanh\.m2\repository\org\jvnet\jaxb2_commons\jaxb2-basics-runtime\1.11.1\jaxb2-basics-runtime-1.11.1.jar;C:\Users\thanh\.m2\repository\joda-time\joda-time\2.1\joda-time-2.1.jar;C:\Users\thanh\.m2\repository\org\jvnet\jaxb2_commons\jaxb2-commons-lang\2.4\jaxb2-commons-lang-2.4.jar;C:\Users\thanh\.m2\repository\org\apache\commons\commons-lang3\3.2.1\commons-lang3-3.2.1.jar;C:\Users\thanh\.m2\repository\javax\xml\bind\jaxb-api\2.3.1\jaxb-api-2.3.1.jar;C:\Users\thanh\.m2\repository\javax\activation\javax.activation-api\1.2.0\javax.activation-api-1.2.0.jar;C:\Users\thanh\.m2\repository\org\glassfish\jaxb\jaxb-runtime\2.3.1\jaxb-runtime-2.3.1.jar;C:\Users\thanh\.m2\repository\org\glassfish\jaxb\txw2\2.3.1\txw2-2.3.1.jar;C:\Users\thanh\.m2\repository\com\sun\istack\istack-commons-runtime\3.0.7\istack-commons-runtime-3.0.7.jar;C:\Users\thanh\.m2\repository\org\jvnet\staxex\stax-ex\1.8\stax-ex-1.8.jar;C:\Users\thanh\.m2\repository\com\sun\xml\fastinfoset\FastInfoset\1.2.15\FastInfoset-1.2.15.jar;C:\Users\thanh\.m2\repository\cglib\cglib\3.2.12\cglib-3.2.12.jar;C:\Users\thanh\.m2\repository\org\ow2\asm\asm\7.1\asm-7.1.jar;C:\Users\thanh\.m2\repository\asm\asm-commons\3.3.1\asm-commons-3.3.1.jar;C:\Users\thanh\.m2\repository\asm\asm-tree\3.3.1\asm-tree-3.3.1.jar;C:\Users\thanh\.m2\repository\asm\asm\3.3.1\asm-3.3.1.jar;C:\Users\thanh\.m2\repository\com\sun\mail\javax.mail\1.6.1\javax.mail-1.6.1.jar;C:\Users\thanh\.m2\repository\javax\activation\activation\1.1\activation-1.1.jar;C:\Users\thanh\.m2\repository\com\google\code\gson\gson\2.8.1\gson-2.8.1.jar;C:\Users\thanh\.m2\repository\com\sun\xml\bind\jaxb-impl\2.3.0\jaxb-impl-2.3.0.jar;C:\Users\thanh\.m2\repository\com\sun\xml\bind\jaxb-core\2.3.0\jaxb-core-2.3.0.jar;C:\Users\thanh\.m2\repository\commons-configuration\commons-configuration\1.6\commons-configuration-1.6.jar;C:\Users\thanh\.m2\repository\commons-digester\commons-digester\1.8\commons-digester-1.8.jar;C:\Users\thanh\.m2\repository\commons-beanutils\commons-beanutils\1.7.0\commons-beanutils-1.7.0.jar;C:\Users\thanh\.m2\repository\commons-beanutils\commons-beanutils-core\1.8.0\commons-beanutils-core-1.8.0.jar;C:\Users\thanh\.m2\repository\commons-collections\commons-collections\3.2.2\commons-collections-3.2.2.jar;C:\Users\thanh\.m2\repository\commons-io\commons-io\2.5\commons-io-2.5.jar;C:\Users\thanh\.m2\repository\com\fasterxml\jackson\jaxrs\jackson-jaxrs-json-provider\2.9.10\jackson-jaxrs-json-provider-2.9.10.jar;C:\Users\thanh\.m2\repository\com\fasterxml\jackson\jaxrs\jackson-jaxrs-base\2.9.10\jackson-jaxrs-base-2.9.10.jar;C:\Users\thanh\.m2\repository\com\fasterxml\jackson\module\jackson-module-jaxb-annotations\2.9.10\jackson-module-jaxb-annotations-2.9.10.jar;C:\Users\thanh\.m2\repository\org\glassfish\hk2\hk2-api\2.6.1\hk2-api-2.6.1.jar;C:\Users\thanh\.m2\repository\org\glassfish\hk2\hk2-utils\2.6.1\hk2-utils-2.6.1.jar;C:\Users\thanh\.m2\repository\org\glassfish\hk2\external\aopalliance-repackaged\2.6.1\aopalliance-repackaged-2.6.1.jar;C:\Users\thanh\.m2\repository\com\fasterxml\jackson\core\jackson-databind\2.11.3\jackson-databind-2.11.3.jar;C:\Users\thanh\.m2\repository\net\authorize\anet-java-sdk\2.0.1\anet-java-sdk-2.0.1.jar;C:\Users\thanh\.m2\repository\commons-logging\commons-logging\1.1.1\commons-logging-1.1.1.jar;C:\Users\thanh\.m2\repository\log4j\log4j\1.2.16\log4j-1.2.16.jar;"/>
    <property name="java.vm.vendor" value="Oracle Corporation"/>
    <property name="sun.arch.data.model" value="64"/>
    <property name="user.variant" value=""/>
    <property name="java.vendor.url" value="http://java.oracle.com/"/>
    <property name="user.timezone" value="Asia/Bangkok"/>
    <property name="java.vm.specification.version" value="1.8"/>
    <property name="os.name" value="Windows 10"/>
    <property name="sun.java.launcher" value="SUN_STANDARD"/>
    <property name="user.country" value="US"/>
    <property name="sun.boot.library.path" value="C:\Program Files\Java\jdk1.8.0_281\jre\bin"/>
    <property name="sun.java.command" value="C:\Users\thanh\AppData\Local\Temp\surefire2792710277638439206\surefirebooter7758192967528563556.jar C:\Users\thanh\AppData\Local\Temp\surefire2792710277638439206 2021-02-01T00-35-09_841-jvmRun1 surefire7206611555754720980tmp surefire_04993263584088778455tmp"/>
    <property name="surefire.test.class.path" value="D:\Working\Lexor\sources\qbsa\target\test-classes;D:\Working\Lexor\sources\qbsa\target\classes;C:\Users\thanh\.m2\repository\org\glassfish\jersey\core\jersey-server\2.33\jersey-server-2.33.jar;C:\Users\thanh\.m2\repository\jakarta\ws\rs\jakarta.ws.rs-api\2.1.6\jakarta.ws.rs-api-2.1.6.jar;C:\Users\thanh\.m2\repository\jakarta\annotation\jakarta.annotation-api\1.3.5\jakarta.annotation-api-1.3.5.jar;C:\Users\thanh\.m2\repository\org\glassfish\hk2\external\jakarta.inject\2.6.1\jakarta.inject-2.6.1.jar;C:\Users\thanh\.m2\repository\jakarta\validation\jakarta.validation-api\2.0.2\jakarta.validation-api-2.0.2.jar;C:\Users\thanh\.m2\repository\org\glassfish\jersey\core\jersey-client\2.33\jersey-client-2.33.jar;C:\Users\thanh\.m2\repository\org\glassfish\jersey\core\jersey-common\2.33\jersey-common-2.33.jar;C:\Users\thanh\.m2\repository\org\glassfish\hk2\osgi-resource-locator\1.0.3\osgi-resource-locator-1.0.3.jar;C:\Users\thanh\.m2\repository\javax\ws\rs\javax.ws.rs-api\2.1\javax.ws.rs-api-2.1.jar;C:\Users\thanh\.m2\repository\javax\json\bind\javax.json.bind-api\1.0\javax.json.bind-api-1.0.jar;C:\Users\thanh\.m2\repository\javax\json\javax.json-api\1.1\javax.json-api-1.1.jar;C:\Users\thanh\.m2\repository\javax\annotation\javax.annotation-api\1.3\javax.annotation-api-1.3.jar;C:\Users\thanh\.m2\repository\org\eclipse\microprofile\config\microprofile-config-api\1.3\microprofile-config-api-1.3.jar;C:\Users\thanh\.m2\repository\org\osgi\org.osgi.annotation.versioning\1.0.0\org.osgi.annotation.versioning-1.0.0.jar;C:\Users\thanh\.m2\repository\org\eclipse\microprofile\fault-tolerance\microprofile-fault-tolerance-api\2.0\microprofile-fault-tolerance-api-2.0.jar;C:\Users\thanh\.m2\repository\org\eclipse\microprofile\health\microprofile-health-api\2.0\microprofile-health-api-2.0.jar;C:\Users\thanh\.m2\repository\org\eclipse\microprofile\metrics\microprofile-metrics-api\2.0.0\microprofile-metrics-api-2.0.0.jar;C:\Users\thanh\.m2\repository\org\eclipse\microprofile\jwt\microprofile-jwt-auth-api\1.1\microprofile-jwt-auth-api-1.1.jar;C:\Users\thanh\.m2\repository\org\eclipse\microprofile\openapi\microprofile-openapi-api\1.1\microprofile-openapi-api-1.1.jar;C:\Users\thanh\.m2\repository\org\eclipse\microprofile\rest\client\microprofile-rest-client-api\1.3\microprofile-rest-client-api-1.3.jar;C:\Users\thanh\.m2\repository\org\eclipse\microprofile\opentracing\microprofile-opentracing-api\1.3\microprofile-opentracing-api-1.3.jar;C:\Users\thanh\.m2\repository\org\junit\jupiter\junit-jupiter\5.5.0\junit-jupiter-5.5.0.jar;C:\Users\thanh\.m2\repository\org\junit\jupiter\junit-jupiter-api\5.5.0\junit-jupiter-api-5.5.0.jar;C:\Users\thanh\.m2\repository\org\apiguardian\apiguardian-api\1.1.0\apiguardian-api-1.1.0.jar;C:\Users\thanh\.m2\repository\org\opentest4j\opentest4j\1.2.0\opentest4j-1.2.0.jar;C:\Users\thanh\.m2\repository\org\junit\platform\junit-platform-commons\1.5.0\junit-platform-commons-1.5.0.jar;C:\Users\thanh\.m2\repository\org\junit\jupiter\junit-jupiter-params\5.5.0\junit-jupiter-params-5.5.0.jar;C:\Users\thanh\.m2\repository\org\junit\jupiter\junit-jupiter-engine\5.5.0\junit-jupiter-engine-5.5.0.jar;C:\Users\thanh\.m2\repository\org\junit\platform\junit-platform-engine\1.5.0\junit-platform-engine-1.5.0.jar;C:\Users\thanh\.m2\repository\org\mockito\mockito-core\3.1.0\mockito-core-3.1.0.jar;C:\Users\thanh\.m2\repository\net\bytebuddy\byte-buddy\1.9.10\byte-buddy-1.9.10.jar;C:\Users\thanh\.m2\repository\net\bytebuddy\byte-buddy-agent\1.9.10\byte-buddy-agent-1.9.10.jar;C:\Users\thanh\.m2\repository\org\objenesis\objenesis\2.6\objenesis-2.6.jar;C:\Users\thanh\.m2\repository\commons-dbutils\commons-dbutils\1.7\commons-dbutils-1.7.jar;C:\Users\thanh\.m2\repository\javax\ejb\javax.ejb-api\3.2.2\javax.ejb-api-3.2.2.jar;C:\Users\thanh\.m2\repository\javax\transaction\javax.transaction-api\1.3\javax.transaction-api-1.3.jar;C:\Users\thanh\.m2\repository\org\postgresql\postgresql\42.2.18\postgresql-42.2.18.jar;C:\Users\thanh\.m2\repository\org\checkerframework\checker-qual\3.5.0\checker-qual-3.5.0.jar;C:\Users\thanh\.m2\repository\javax\enterprise\cdi-api\2.0\cdi-api-2.0.jar;C:\Users\thanh\.m2\repository\javax\el\javax.el-api\3.0.0\javax.el-api-3.0.0.jar;C:\Users\thanh\.m2\repository\javax\interceptor\javax.interceptor-api\1.2\javax.interceptor-api-1.2.jar;C:\Users\thanh\.m2\repository\javax\inject\javax.inject\1\javax.inject-1.jar;C:\Users\thanh\.m2\repository\org\glassfish\jersey\ext\jersey-mvc\3.0.0\jersey-mvc-3.0.0.jar;C:\Users\thanh\.m2\repository\jakarta\servlet\jakarta.servlet-api\5.0.0\jakarta.servlet-api-5.0.0.jar;C:\Users\thanh\.m2\repository\org\glassfish\jersey\ext\jersey-mvc-jsp\3.0.0\jersey-mvc-jsp-3.0.0.jar;C:\Users\thanh\.m2\repository\jakarta\inject\jakarta.inject-api\2.0.0\jakarta.inject-api-2.0.0.jar;C:\Users\thanh\.m2\repository\org\glassfish\jersey\containers\jersey-container-servlet-core\3.0.0\jersey-container-servlet-core-3.0.0.jar;C:\Users\thanh\.m2\repository\javax\servlet\servlet-api\2.4\servlet-api-2.4.jar;C:\Users\thanh\.m2\repository\com\sendgrid\java-http-client\4.3.6\java-http-client-4.3.6.jar;C:\Users\thanh\.m2\repository\org\apache\httpcomponents\httpcore\4.4.13\httpcore-4.4.13.jar;C:\Users\thanh\.m2\repository\org\apache\httpcomponents\httpclient\4.5.12\httpclient-4.5.12.jar;C:\Users\thanh\.m2\repository\com\sendgrid\sendgrid-java\4.6.8\sendgrid-java-4.6.8.jar;C:\Users\thanh\.m2\repository\com\fasterxml\jackson\core\jackson-core\2.10.2\jackson-core-2.10.2.jar;C:\Users\thanh\.m2\repository\com\fasterxml\jackson\core\jackson-annotations\2.10.2\jackson-annotations-2.10.2.jar;C:\Users\thanh\.m2\repository\org\bouncycastle\bcprov-jdk15on\1.67\bcprov-jdk15on-1.67.jar;C:\Users\thanh\.m2\repository\com\intuit\quickbooks-online\oauth2-platform-api\6.0.7\oauth2-platform-api-6.0.7.jar;C:\Users\thanh\.m2\repository\commons-lang\commons-lang\2.6\commons-lang-2.6.jar;C:\Users\thanh\.m2\repository\org\json\json\20160810\json-20160810.jar;C:\Users\thanh\.m2\repository\oauth\signpost\signpost-core\1.2.1.1\signpost-core-1.2.1.1.jar;C:\Users\thanh\.m2\repository\oauth\signpost\signpost-commonshttp4\1.2\signpost-commonshttp4-1.2.jar;C:\Users\thanh\.m2\repository\commons-codec\commons-codec\1.13\commons-codec-1.13.jar;C:\Users\thanh\.m2\repository\org\slf4j\slf4j-api\1.7.28\slf4j-api-1.7.28.jar;C:\Users\thanh\.m2\repository\org\apache\ant\ant\1.10.6\ant-1.10.6.jar;C:\Users\thanh\.m2\repository\org\apache\ant\ant-launcher\1.10.6\ant-launcher-1.10.6.jar;C:\Program Files\Java\jdk1.8.0_281\jre\..\lib\tools.jar;C:\Users\thanh\.m2\repository\com\intuit\quickbooks-online\ipp-v3-java-devkit\6.0.10\ipp-v3-java-devkit-6.0.10.jar;C:\Users\thanh\.m2\repository\com\intuit\quickbooks-online\ipp-v3-java-data\6.0.8\ipp-v3-java-data-6.0.8.jar;C:\Users\thanh\.m2\repository\org\jvnet\jaxb2_commons\jaxb2-basics-runtime\1.11.1\jaxb2-basics-runtime-1.11.1.jar;C:\Users\thanh\.m2\repository\joda-time\joda-time\2.1\joda-time-2.1.jar;C:\Users\thanh\.m2\repository\org\jvnet\jaxb2_commons\jaxb2-commons-lang\2.4\jaxb2-commons-lang-2.4.jar;C:\Users\thanh\.m2\repository\org\apache\commons\commons-lang3\3.2.1\commons-lang3-3.2.1.jar;C:\Users\thanh\.m2\repository\javax\xml\bind\jaxb-api\2.3.1\jaxb-api-2.3.1.jar;C:\Users\thanh\.m2\repository\javax\activation\javax.activation-api\1.2.0\javax.activation-api-1.2.0.jar;C:\Users\thanh\.m2\repository\org\glassfish\jaxb\jaxb-runtime\2.3.1\jaxb-runtime-2.3.1.jar;C:\Users\thanh\.m2\repository\org\glassfish\jaxb\txw2\2.3.1\txw2-2.3.1.jar;C:\Users\thanh\.m2\repository\com\sun\istack\istack-commons-runtime\3.0.7\istack-commons-runtime-3.0.7.jar;C:\Users\thanh\.m2\repository\org\jvnet\staxex\stax-ex\1.8\stax-ex-1.8.jar;C:\Users\thanh\.m2\repository\com\sun\xml\fastinfoset\FastInfoset\1.2.15\FastInfoset-1.2.15.jar;C:\Users\thanh\.m2\repository\cglib\cglib\3.2.12\cglib-3.2.12.jar;C:\Users\thanh\.m2\repository\org\ow2\asm\asm\7.1\asm-7.1.jar;C:\Users\thanh\.m2\repository\asm\asm-commons\3.3.1\asm-commons-3.3.1.jar;C:\Users\thanh\.m2\repository\asm\asm-tree\3.3.1\asm-tree-3.3.1.jar;C:\Users\thanh\.m2\repository\asm\asm\3.3.1\asm-3.3.1.jar;C:\Users\thanh\.m2\repository\com\sun\mail\javax.mail\1.6.1\javax.mail-1.6.1.jar;C:\Users\thanh\.m2\repository\javax\activation\activation\1.1\activation-1.1.jar;C:\Users\thanh\.m2\repository\com\google\code\gson\gson\2.8.1\gson-2.8.1.jar;C:\Users\thanh\.m2\repository\com\sun\xml\bind\jaxb-impl\2.3.0\jaxb-impl-2.3.0.jar;C:\Users\thanh\.m2\repository\com\sun\xml\bind\jaxb-core\2.3.0\jaxb-core-2.3.0.jar;C:\Users\thanh\.m2\repository\commons-configuration\commons-configuration\1.6\commons-configuration-1.6.jar;C:\Users\thanh\.m2\repository\commons-digester\commons-digester\1.8\commons-digester-1.8.jar;C:\Users\thanh\.m2\repository\commons-beanutils\commons-beanutils\1.7.0\commons-beanutils-1.7.0.jar;C:\Users\thanh\.m2\repository\commons-beanutils\commons-beanutils-core\1.8.0\commons-beanutils-core-1.8.0.jar;C:\Users\thanh\.m2\repository\commons-collections\commons-collections\3.2.2\commons-collections-3.2.2.jar;C:\Users\thanh\.m2\repository\commons-io\commons-io\2.5\commons-io-2.5.jar;C:\Users\thanh\.m2\repository\com\fasterxml\jackson\jaxrs\jackson-jaxrs-json-provider\2.9.10\jackson-jaxrs-json-provider-2.9.10.jar;C:\Users\thanh\.m2\repository\com\fasterxml\jackson\jaxrs\jackson-jaxrs-base\2.9.10\jackson-jaxrs-base-2.9.10.jar;C:\Users\thanh\.m2\repository\com\fasterxml\jackson\module\jackson-module-jaxb-annotations\2.9.10\jackson-module-jaxb-annotations-2.9.10.jar;C:\Users\thanh\.m2\repository\org\glassfish\hk2\hk2-api\2.6.1\hk2-api-2.6.1.jar;C:\Users\thanh\.m2\repository\org\glassfish\hk2\hk2-utils\2.6.1\hk2-utils-2.6.1.jar;C:\Users\thanh\.m2\repository\org\glassfish\hk2\external\aopalliance-repackaged\2.6.1\aopalliance-repackaged-2.6.1.jar;C:\Users\thanh\.m2\repository\com\fasterxml\jackson\core\jackson-databind\2.11.3\jackson-databind-2.11.3.jar;C:\Users\thanh\.m2\repository\net\authorize\anet-java-sdk\2.0.1\anet-java-sdk-2.0.1.jar;C:\Users\thanh\.m2\repository\commons-logging\commons-logging\1.1.1\commons-logging-1.1.1.jar;C:\Users\thanh\.m2\repository\log4j\log4j\1.2.16\log4j-1.2.16.jar;"/>
    <property name="sun.cpu.endian" value="little"/>
    <property name="user.home" value="C:\Users\thanh"/>
    <property name="user.language" value="en"/>
    <property name="java.specification.vendor" value="Oracle Corporation"/>
    <property name="java.home" value="C:\Program Files\Java\jdk1.8.0_281\jre"/>
    <property name="basedir" value="D:\Working\Lexor\sources\qbsa"/>
    <property name="file.separator" value="\"/>
    <property name="line.separator" value="&#10;"/>
    <property name="java.vm.specification.vendor" value="Oracle Corporation"/>
    <property name="java.specification.name" value="Java Platform API Specification"/>
    <property name="java.awt.graphicsenv" value="sun.awt.Win32GraphicsEnvironment"/>
    <property name="surefire.real.class.path" value="C:\Users\thanh\AppData\Local\Temp\surefire2792710277638439206\surefirebooter7758192967528563556.jar"/>
    <property name="sun.boot.class.path" value="C:\Program Files\Java\jdk1.8.0_281\jre\lib\resources.jar;C:\Program Files\Java\jdk1.8.0_281\jre\lib\rt.jar;C:\Program Files\Java\jdk1.8.0_281\jre\lib\sunrsasign.jar;C:\Program Files\Java\jdk1.8.0_281\jre\lib\jsse.jar;C:\Program Files\Java\jdk1.8.0_281\jre\lib\jce.jar;C:\Program Files\Java\jdk1.8.0_281\jre\lib\charsets.jar;C:\Program Files\Java\jdk1.8.0_281\jre\lib\jfr.jar;C:\Program Files\Java\jdk1.8.0_281\jre\classes"/>
    <property name="user.script" value=""/>
    <property name="sun.management.compiler" value="HotSpot 64-Bit Tiered Compilers"/>
    <property name="java.runtime.version" value="1.8.0_281-b09"/>
    <property name="user.name" value="thanh"/>
    <property name="path.separator" value=";"/>
    <property name="os.version" value="10.0"/>
    <property name="java.endorsed.dirs" value="C:\Program Files\Java\jdk1.8.0_281\jre\lib\endorsed"/>
    <property name="java.runtime.name" value="Java(TM) SE Runtime Environment"/>
    <property name="file.encoding" value="UTF-8"/>
    <property name="java.vm.name" value="Java HotSpot(TM) 64-Bit Server VM"/>
    <property name="maven.ext.class.path" value="C:\Program Files\NetBeans-12.2\netbeans\java\maven-nblib\netbeans-eventspy.jar"/>
    <property name="localRepository" value="C:\Users\thanh\.m2\repository"/>
    <property name="java.vendor.url.bug" value="http://bugreport.sun.com/bugreport/"/>
    <property name="java.io.tmpdir" value="C:\Users\thanh\AppData\Local\Temp\"/>
    <property name="java.version" value="1.8.0_281"/>
    <property name="user.dir" value="D:\Working\Lexor\sources\qbsa"/>
    <property name="os.arch" value="amd64"/>
    <property name="java.vm.specification.name" value="Java Virtual Machine Specification"/>
    <property name="java.awt.printerjob" value="sun.awt.windows.WPrinterJob"/>
    <property name="sun.os.patch.level" value=""/>
    <property name="java.library.path" value="C:\Program Files\Java\jdk1.8.0_281\jre\bin;C:\WINDOWS\Sun\Java\bin;C:\WINDOWS\system32;C:\WINDOWS;C:\Program Files (x86)\Common Files\Oracle\Java\javapath;C:\Program Files\Common Files\Oracle\Java\javapath;C:\Program Files (x86)\VMware\VMware Player\bin\;C:\Python38\Scripts\;C:\Python27;C:\Python38\;C:\Python\Python38-32\Scripts\;C:\Python\Python38-32\;C:\WINDOWS\system32;C:\WINDOWS;C:\WINDOWS\System32\Wbem;C:\WINDOWS\System32\WindowsPowerShell\v1.0\;C:\WINDOWS\System32\OpenSSH\;C:\Program Files\dotnet\;C:\Program Files\Microsoft SQL Server\130\Tools\Binn\;C:\Program Files\Microsoft SQL Server\Client SDK\ODBC\170\Tools\Binn\;C:\Program Files\Git\cmd;C:\Program Files (x86)\WinMerge;C:\Program Files\nodejs\;C:\ProgramData\chocolatey\bin;C:\Program Files\WinMerge;C:\Program Files\gettext-iconv\bin;C:\Program Files (x86)\mitmproxy\bin;C:\Program Files\Redis\;C:\Program Files\Docker\Docker\resources\bin;C:\ProgramData\DockerDesktop\version-bin;C:\Users\thanh\AppData\Local\Programs\AdoptOpenJDK\jdk-11.0.9.101-hotspot\bin;C:\Program Files\MySQL\MySQL Shell 8.0\bin\;C:\Users\thanh\AppData\Local\Microsoft\WindowsApps;;C:\Users\thanh\AppData\Local\Programs\Microsoft VS Code\bin;C:\Users\thanh\AppData\Roaming\npm;C:\Program Files (x86)\mitmproxy\bin;C:\Users\thanh\.dotnet\tools;C:\Program Files\JetBrains\IntelliJ IDEA Community Edition 2020.3.1\bin;;."/>
    <property name="java.vm.info" value="mixed mode"/>
    <property name="java.vendor" value="Oracle Corporation"/>
    <property name="java.vm.version" value="25.281-b09"/>
    <property name="java.ext.dirs" value="C:\Program Files\Java\jdk1.8.0_281\jre\lib\ext;C:\WINDOWS\Sun\Java\lib\ext"/>
    <property name="sun.io.unicode.encoding" value="UnicodeLittle"/>
    <property name="java.class.version" value="52.0"/>
  </properties>
  <testcase name="simpleJUnit5Test" classname="com.lexor.qbsa.SampleTest" time="0.019"/>
</testsuite>